The system is: Linux - 3.13.0-96-generic - x86_64
Compiling the C compiler identification source file "CMakeCCompilerId.c" succeeded.
Compiler: /usr/bin/cc 
Build flags: 
Id flags: 

The output was:
0


Compilation of the C compiler identification source "CMakeCCompilerId.c" produced "a.out"

The C compiler identification is GNU, found in "/home/brunno/x265_countSAD/build/linux/CMakeFiles/2.8.12.2/CompilerIdC/a.out"

Compiling the CXX compiler identification source file "CMakeCXXCompilerId.cpp" succeeded.
Compiler: /usr/bin/c++ 
Build flags: 
Id flags: 

The output was:
0


Compilation of the CXX compiler identification source "CMakeCXXCompilerId.cpp" produced "a.out"

The CXX compiler identification is GNU, found in "/home/brunno/x265_countSAD/build/linux/CMakeFiles/2.8.12.2/CompilerIdCXX/a.out"

Determining if the C compiler works passed with the following output:
Change Dir: /home/brunno/x265_countSAD/build/linux/CMakeFiles/CMakeTmp

Run Build Command:/usr/bin/make "cmTryCompileExec3385595548/fast"
/usr/bin/make -f CMakeFiles/cmTryCompileExec3385595548.dir/build.make CMakeFiles/cmTryCompileExec3385595548.dir/build
make[1]: Entering directory `/home/brunno/x265_countSAD/build/linux/CMakeFiles/CMakeTmp'
/usr/local/bin/cmake -E cmake_progress_report /home/brunno/x265_countSAD/build/linux/CMakeFiles/CMakeTmp/CMakeFiles 1
Building C object CMakeFiles/cmTryCompileExec3385595548.dir/testCCompiler.c.o
/usr/bin/cc    -o CMakeFiles/cmTryCompileExec3385595548.dir/testCCompiler.c.o   -c /home/brunno/x265_countSAD/build/linux/CMakeFiles/CMakeTmp/testCCompiler.c
Linking C executable cmTryCompileExec3385595548
/usr/local/bin/cmake -E cmake_link_script CMakeFiles/cmTryCompileExec3385595548.dir/link.txt --verbose=1
/usr/bin/cc       CMakeFiles/cmTryCompileExec3385595548.dir/testCCompiler.c.o  -o cmTryCompileExec3385595548 -rdynamic 
make[1]: Leaving directory `/home/brunno/x265_countSAD/build/linux/CMakeFiles/CMakeTmp'


Detecting C compiler ABI info compiled with the following output:
Change Dir: /home/brunno/x265_countSAD/build/linux/CMakeFiles/CMakeTmp

Run Build Command:/usr/bin/make "cmTryCompileExec3961566009/fast"
/usr/bin/make -f CMakeFiles/cmTryCompileExec3961566009.dir/build.make CMakeFiles/cmTryCompileExec3961566009.dir/build
make[1]: Entering directory `/home/brunno/x265_countSAD/build/linux/CMakeFiles/CMakeTmp'
/usr/local/bin/cmake -E cmake_progress_report /home/brunno/x265_countSAD/build/linux/CMakeFiles/CMakeTmp/CMakeFiles 1
Building C object CMakeFiles/cmTryCompileExec3961566009.dir/CMakeCCompilerABI.c.o
/usr/bin/cc    -o CMakeFiles/cmTryCompileExec3961566009.dir/CMakeCCompilerABI.c.o   -c /usr/local/share/cmake-2.8/Modules/CMakeCCompilerABI.c
Linking C executable cmTryCompileExec3961566009
/usr/local/bin/cmake -E cmake_link_script CMakeFiles/cmTryCompileExec3961566009.dir/link.txt --verbose=1
/usr/bin/cc     -v CMakeFiles/cmTryCompileExec3961566009.dir/CMakeCCompilerABI.c.o  -o cmTryCompileExec3961566009 -rdynamic  
Using built-in specs.
COLLECT_GCC=/usr/bin/cc
COLLECT_LTO_WRAPPER=/usr/lib/gcc/x86_64-linux-gnu/4.8/lto-wrapper
Target: x86_64-linux-gnu
Configured with: ../src/configure -v --with-pkgversion='Ubuntu 4.8.4-2ubuntu1~14.04.3' --with-bugurl=file:///usr/share/doc/gcc-4.8/README.Bugs --enable-languages=c,c++,java,go,d,fortran,objc,obj-c++ --prefix=/usr --program-suffix=-4.8 --enable-shared --enable-linker-build-id --libexecdir=/usr/lib --without-included-gettext --enable-threads=posix --with-gxx-include-dir=/usr/include/c++/4.8 --libdir=/usr/lib --enable-nls --with-sysroot=/ --enable-clocale=gnu --enable-libstdcxx-debug --enable-libstdcxx-time=yes --enable-gnu-unique-object --disable-libmudflap --enable-plugin --with-system-zlib --disable-browser-plugin --enable-java-awt=gtk --enable-gtk-cairo --with-java-home=/usr/lib/jvm/java-1.5.0-gcj-4.8-amd64/jre --enable-java-home --with-jvm-root-dir=/usr/lib/jvm/java-1.5.0-gcj-4.8-amd64 --with-jvm-jar-dir=/usr/lib/jvm-exports/java-1.5.0-gcj-4.8-amd64 --with-arch-directory=amd64 --with-ecj-jar=/usr/share/java/eclipse-ecj.jar --enable-objc-gc --enable-multiarch --disable-werror --with-arch-32=i686 --with-abi=m64 --with-multilib-list=m32,m64,mx32 --with-tune=generic --enable-checking=release --build=x86_64-linux-gnu --host=x86_64-linux-gnu --target=x86_64-linux-gnu
Thread model: posix
gcc version 4.8.4 (Ubuntu 4.8.4-2ubuntu1~14.04.3) 
COMPILER_PATH=/usr/lib/gcc/x86_64-linux-gnu/4.8/:/usr/lib/gcc/x86_64-linux-gnu/4.8/:/usr/lib/gcc/x86_64-linux-gnu/:/usr/lib/gcc/x86_64-linux-gnu/4.8/:/usr/lib/gcc/x86_64-linux-gnu/
LIBRARY_PATH=/usr/lib/gcc/x86_64-linux-gnu/4.8/:/usr/lib/gcc/x86_64-linux-gnu/4.8/../../../x86_64-linux-gnu/:/usr/lib/gcc/x86_64-linux-gnu/4.8/../../../../lib/:/lib/x86_64-linux-gnu/:/lib/../lib/:/usr/lib/x86_64-linux-gnu/:/usr/lib/../lib/:/usr/lib/gcc/x86_64-linux-gnu/4.8/../../../:/lib/:/usr/lib/
COLLECT_GCC_OPTIONS='-v' '-o' 'cmTryCompileExec3961566009' '-rdynamic' '-mtune=generic' '-march=x86-64'
 /usr/lib/gcc/x86_64-linux-gnu/4.8/collect2 --sysroot=/ --build-id --eh-frame-hdr -m elf_x86_64 --hash-style=gnu --as-needed -export-dynamic -dynamic-linker /lib64/ld-linux-x86-64.so.2 -z relro -o cmTryCompileExec3961566009 /usr/lib/gcc/x86_64-linux-gnu/4.8/../../../x86_64-linux-gnu/crt1.o /usr/lib/gcc/x86_64-linux-gnu/4.8/../../../x86_64-linux-gnu/crti.o /usr/lib/gcc/x86_64-linux-gnu/4.8/crtbegin.o -L/usr/lib/gcc/x86_64-linux-gnu/4.8 -L/usr/lib/gcc/x86_64-linux-gnu/4.8/../../../x86_64-linux-gnu -L/usr/lib/gcc/x86_64-linux-gnu/4.8/../../../../lib -L/lib/x86_64-linux-gnu -L/lib/../lib -L/usr/lib/x86_64-linux-gnu -L/usr/lib/../lib -L/usr/lib/gcc/x86_64-linux-gnu/4.8/../../.. CMakeFiles/cmTryCompileExec3961566009.dir/CMakeCCompilerABI.c.o -lgcc --as-needed -lgcc_s --no-as-needed -lc -lgcc --as-needed -lgcc_s --no-as-needed /usr/lib/gcc/x86_64-linux-gnu/4.8/crtend.o /usr/lib/gcc/x86_64-linux-gnu/4.8/../../../x86_64-linux-gnu/crtn.o
make[1]: Leaving directory `/home/brunno/x265_countSAD/build/linux/CMakeFiles/CMakeTmp'


Parsed C implicit link information from above output:
  link line regex: [^( *|.*[/\])(ld|([^/\]+-)?ld|collect2)[^/\]*( |$)]
  ignore line: [Change Dir: /home/brunno/x265_countSAD/build/linux/CMakeFiles/CMakeTmp]
  ignore line: []
  ignore line: [Run Build Command:/usr/bin/make "cmTryCompileExec3961566009/fast"]
  ignore line: [/usr/bin/make -f CMakeFiles/cmTryCompileExec3961566009.dir/build.make CMakeFiles/cmTryCompileExec3961566009.dir/build]
  ignore line: [make[1]: Entering directory `/home/brunno/x265_countSAD/build/linux/CMakeFiles/CMakeTmp']
  ignore line: [/usr/local/bin/cmake -E cmake_progress_report /home/brunno/x265_countSAD/build/linux/CMakeFiles/CMakeTmp/CMakeFiles 1]
  ignore line: [Building C object CMakeFiles/cmTryCompileExec3961566009.dir/CMakeCCompilerABI.c.o]
  ignore line: [/usr/bin/cc    -o CMakeFiles/cmTryCompileExec3961566009.dir/CMakeCCompilerABI.c.o   -c /usr/local/share/cmake-2.8/Modules/CMakeCCompilerABI.c]
  ignore line: [Linking C executable cmTryCompileExec3961566009]
  ignore line: [/usr/local/bin/cmake -E cmake_link_script CMakeFiles/cmTryCompileExec3961566009.dir/link.txt --verbose=1]
  ignore line: [/usr/bin/cc     -v CMakeFiles/cmTryCompileExec3961566009.dir/CMakeCCompilerABI.c.o  -o cmTryCompileExec3961566009 -rdynamic  ]
  ignore line: [Using built-in specs.]
  ignore line: [COLLECT_GCC=/usr/bin/cc]
  ignore line: [COLLECT_LTO_WRAPPER=/usr/lib/gcc/x86_64-linux-gnu/4.8/lto-wrapper]
  ignore line: [Target: x86_64-linux-gnu]
  ignore line: [Configured with: ../src/configure -v --with-pkgversion='Ubuntu 4.8.4-2ubuntu1~14.04.3' --with-bugurl=file:///usr/share/doc/gcc-4.8/README.Bugs --enable-languages=c,c++,java,go,d,fortran,objc,obj-c++ --prefix=/usr --program-suffix=-4.8 --enable-shared --enable-linker-build-id --libexecdir=/usr/lib --without-included-gettext --enable-threads=posix --with-gxx-include-dir=/usr/include/c++/4.8 --libdir=/usr/lib --enable-nls --with-sysroot=/ --enable-clocale=gnu --enable-libstdcxx-debug --enable-libstdcxx-time=yes --enable-gnu-unique-object --disable-libmudflap --enable-plugin --with-system-zlib --disable-browser-plugin --enable-java-awt=gtk --enable-gtk-cairo --with-java-home=/usr/lib/jvm/java-1.5.0-gcj-4.8-amd64/jre --enable-java-home --with-jvm-root-dir=/usr/lib/jvm/java-1.5.0-gcj-4.8-amd64 --with-jvm-jar-dir=/usr/lib/jvm-exports/java-1.5.0-gcj-4.8-amd64 --with-arch-directory=amd64 --with-ecj-jar=/usr/share/java/eclipse-ecj.jar --enable-objc-gc --enable-multiarch --disable-werror --with-arch-32=i686 --with-abi=m64 --with-multilib-list=m32,m64,mx32 --with-tune=generic --enable-checking=release --build=x86_64-linux-gnu --host=x86_64-linux-gnu --target=x86_64-linux-gnu]
  ignore line: [Thread model: posix]
  ignore line: [gcc version 4.8.4 (Ubuntu 4.8.4-2ubuntu1~14.04.3) ]
  ignore line: [COMPILER_PATH=/usr/lib/gcc/x86_64-linux-gnu/4.8/:/usr/lib/gcc/x86_64-linux-gnu/4.8/:/usr/lib/gcc/x86_64-linux-gnu/:/usr/lib/gcc/x86_64-linux-gnu/4.8/:/usr/lib/gcc/x86_64-linux-gnu/]
  ignore line: [LIBRARY_PATH=/usr/lib/gcc/x86_64-linux-gnu/4.8/:/usr/lib/gcc/x86_64-linux-gnu/4.8/../../../x86_64-linux-gnu/:/usr/lib/gcc/x86_64-linux-gnu/4.8/../../../../lib/:/lib/x86_64-linux-gnu/:/lib/../lib/:/usr/lib/x86_64-linux-gnu/:/usr/lib/../lib/:/usr/lib/gcc/x86_64-linux-gnu/4.8/../../../:/lib/:/usr/lib/]
  ignore line: [COLLECT_GCC_OPTIONS='-v' '-o' 'cmTryCompileExec3961566009' '-rdynamic' '-mtune=generic' '-march=x86-64']
  link line: [ /usr/lib/gcc/x86_64-linux-gnu/4.8/collect2 --sysroot=/ --build-id --eh-frame-hdr -m elf_x86_64 --hash-style=gnu --as-needed -export-dynamic -dynamic-linker /lib64/ld-linux-x86-64.so.2 -z relro -o cmTryCompileExec3961566009 /usr/lib/gcc/x86_64-linux-gnu/4.8/../../../x86_64-linux-gnu/crt1.o /usr/lib/gcc/x86_64-linux-gnu/4.8/../../../x86_64-linux-gnu/crti.o /usr/lib/gcc/x86_64-linux-gnu/4.8/crtbegin.o -L/usr/lib/gcc/x86_64-linux-gnu/4.8 -L/usr/lib/gcc/x86_64-linux-gnu/4.8/../../../x86_64-linux-gnu -L/usr/lib/gcc/x86_64-linux-gnu/4.8/../../../../lib -L/lib/x86_64-linux-gnu -L/lib/../lib -L/usr/lib/x86_64-linux-gnu -L/usr/lib/../lib -L/usr/lib/gcc/x86_64-linux-gnu/4.8/../../.. CMakeFiles/cmTryCompileExec3961566009.dir/CMakeCCompilerABI.c.o -lgcc --as-needed -lgcc_s --no-as-needed -lc -lgcc --as-needed -lgcc_s --no-as-needed /usr/lib/gcc/x86_64-linux-gnu/4.8/crtend.o /usr/lib/gcc/x86_64-linux-gnu/4.8/../../../x86_64-linux-gnu/crtn.o]
    arg [/usr/lib/gcc/x86_64-linux-gnu/4.8/collect2] ==> ignore
    arg [--sysroot=/] ==> ignore
    arg [--build-id] ==> ignore
    arg [--eh-frame-hdr] ==> ignore
    arg [-m] ==> ignore
    arg [elf_x86_64] ==> ignore
    arg [--hash-style=gnu] ==> ignore
    arg [--as-needed] ==> ignore
    arg [-export-dynamic] ==> ignore
    arg [-dynamic-linker] ==> ignore
    arg [/lib64/ld-linux-x86-64.so.2] ==> ignore
    arg [-zrelro] ==> ignore
    arg [-o] ==> ignore
    arg [cmTryCompileExec3961566009] ==> ignore
    arg [/usr/lib/gcc/x86_64-linux-gnu/4.8/../../../x86_64-linux-gnu/crt1.o] ==> ignore
    arg [/usr/lib/gcc/x86_64-linux-gnu/4.8/../../../x86_64-linux-gnu/crti.o] ==> ignore
    arg [/usr/lib/gcc/x86_64-linux-gnu/4.8/crtbegin.o] ==> ignore
    arg [-L/usr/lib/gcc/x86_64-linux-gnu/4.8] ==> dir [/usr/lib/gcc/x86_64-linux-gnu/4.8]
    arg [-L/usr/lib/gcc/x86_64-linux-gnu/4.8/../../../x86_64-linux-gnu] ==> dir [/usr/lib/gcc/x86_64-linux-gnu/4.8/../../../x86_64-linux-gnu]
    arg [-L/usr/lib/gcc/x86_64-linux-gnu/4.8/../../../../lib] ==> dir [/usr/lib/gcc/x86_64-linux-gnu/4.8/../../../../lib]
    arg [-L/lib/x86_64-linux-gnu] ==> dir [/lib/x86_64-linux-gnu]
    arg [-L/lib/../lib] ==> dir [/lib/../lib]
    arg [-L/usr/lib/x86_64-linux-gnu] ==> dir [/usr/lib/x86_64-linux-gnu]
    arg [-L/usr/lib/../lib] ==> dir [/usr/lib/../lib]
    arg [-L/usr/lib/gcc/x86_64-linux-gnu/4.8/../../..] ==> dir [/usr/lib/gcc/x86_64-linux-gnu/4.8/../../..]
    arg [CMakeFiles/cmTryCompileExec3961566009.dir/CMakeCCompilerABI.c.o] ==> ignore
    arg [-lgcc] ==> lib [gcc]
    arg [--as-needed] ==> ignore
    arg [-lgcc_s] ==> lib [gcc_s]
    arg [--no-as-needed] ==> ignore
    arg [-lc] ==> lib [c]
    arg [-lgcc] ==> lib [gcc]
    arg [--as-needed] ==> ignore
    arg [-lgcc_s] ==> lib [gcc_s]
    arg [--no-as-needed] ==> ignore
    arg [/usr/lib/gcc/x86_64-linux-gnu/4.8/crtend.o] ==> ignore
    arg [/usr/lib/gcc/x86_64-linux-gnu/4.8/../../../x86_64-linux-gnu/crtn.o] ==> ignore
  remove lib [gcc]
  remove lib [gcc_s]
  remove lib [gcc]
  remove lib [gcc_s]
  collapse library dir [/usr/lib/gcc/x86_64-linux-gnu/4.8] ==> [/usr/lib/gcc/x86_64-linux-gnu/4.8]
  collapse library dir [/usr/lib/gcc/x86_64-linux-gnu/4.8/../../../x86_64-linux-gnu] ==> [/usr/lib/x86_64-linux-gnu]
  collapse library dir [/usr/lib/gcc/x86_64-linux-gnu/4.8/../../../../lib] ==> [/usr/lib]
  collapse library dir [/lib/x86_64-linux-gnu] ==> [/lib/x86_64-linux-gnu]
  collapse library dir [/lib/../lib] ==> [/lib]
  collapse library dir [/usr/lib/x86_64-linux-gnu] ==> [/usr/lib/x86_64-linux-gnu]
  collapse library dir [/usr/lib/../lib] ==> [/usr/lib]
  collapse library dir [/usr/lib/gcc/x86_64-linux-gnu/4.8/../../..] ==> [/usr/lib]
  implicit libs: [c]
  implicit dirs: [/usr/lib/gcc/x86_64-linux-gnu/4.8;/usr/lib/x86_64-linux-gnu;/usr/lib;/lib/x86_64-linux-gnu;/lib]
  implicit fwks: []


Determining if the CXX compiler works passed with the following output:
Change Dir: /home/brunno/x265_countSAD/build/linux/CMakeFiles/CMakeTmp

Run Build Command:/usr/bin/make "cmTryCompileExec2713390973/fast"
/usr/bin/make -f CMakeFiles/cmTryCompileExec2713390973.dir/build.make CMakeFiles/cmTryCompileExec2713390973.dir/build
make[1]: Entering directory `/home/brunno/x265_countSAD/build/linux/CMakeFiles/CMakeTmp'
/usr/local/bin/cmake -E cmake_progress_report /home/brunno/x265_countSAD/build/linux/CMakeFiles/CMakeTmp/CMakeFiles 1
Building CXX object CMakeFiles/cmTryCompileExec2713390973.dir/testCXXCompiler.cxx.o
/usr/bin/c++     -o CMakeFiles/cmTryCompileExec2713390973.dir/testCXXCompiler.cxx.o -c /home/brunno/x265_countSAD/build/linux/CMakeFiles/CMakeTmp/testCXXCompiler.cxx
Linking CXX executable cmTryCompileExec2713390973
/usr/local/bin/cmake -E cmake_link_script CMakeFiles/cmTryCompileExec2713390973.dir/link.txt --verbose=1
/usr/bin/c++        CMakeFiles/cmTryCompileExec2713390973.dir/testCXXCompiler.cxx.o  -o cmTryCompileExec2713390973 -rdynamic 
make[1]: Leaving directory `/home/brunno/x265_countSAD/build/linux/CMakeFiles/CMakeTmp'


Detecting CXX compiler ABI info compiled with the following output:
Change Dir: /home/brunno/x265_countSAD/build/linux/CMakeFiles/CMakeTmp

Run Build Command:/usr/bin/make "cmTryCompileExec3745803487/fast"
/usr/bin/make -f CMakeFiles/cmTryCompileExec3745803487.dir/build.make CMakeFiles/cmTryCompileExec3745803487.dir/build
make[1]: Entering directory `/home/brunno/x265_countSAD/build/linux/CMakeFiles/CMakeTmp'
/usr/local/bin/cmake -E cmake_progress_report /home/brunno/x265_countSAD/build/linux/CMakeFiles/CMakeTmp/CMakeFiles 1
Building CXX object CMakeFiles/cmTryCompileExec3745803487.dir/CMakeCXXCompilerABI.cpp.o
/usr/bin/c++     -o CMakeFiles/cmTryCompileExec3745803487.dir/CMakeCXXCompilerABI.cpp.o -c /usr/local/share/cmake-2.8/Modules/CMakeCXXCompilerABI.cpp
Linking CXX executable cmTryCompileExec3745803487
/usr/local/bin/cmake -E cmake_link_script CMakeFiles/cmTryCompileExec3745803487.dir/link.txt --verbose=1
/usr/bin/c++      -v CMakeFiles/cmTryCompileExec3745803487.dir/CMakeCXXCompilerABI.cpp.o  -o cmTryCompileExec3745803487 -rdynamic  
Using built-in specs.
COLLECT_GCC=/usr/bin/c++
COLLECT_LTO_WRAPPER=/usr/lib/gcc/x86_64-linux-gnu/4.8/lto-wrapper
Target: x86_64-linux-gnu
Configured with: ../src/configure -v --with-pkgversion='Ubuntu 4.8.4-2ubuntu1~14.04.3' --with-bugurl=file:///usr/share/doc/gcc-4.8/README.Bugs --enable-languages=c,c++,java,go,d,fortran,objc,obj-c++ --prefix=/usr --program-suffix=-4.8 --enable-shared --enable-linker-build-id --libexecdir=/usr/lib --without-included-gettext --enable-threads=posix --with-gxx-include-dir=/usr/include/c++/4.8 --libdir=/usr/lib --enable-nls --with-sysroot=/ --enable-clocale=gnu --enable-libstdcxx-debug --enable-libstdcxx-time=yes --enable-gnu-unique-object --disable-libmudflap --enable-plugin --with-system-zlib --disable-browser-plugin --enable-java-awt=gtk --enable-gtk-cairo --with-java-home=/usr/lib/jvm/java-1.5.0-gcj-4.8-amd64/jre --enable-java-home --with-jvm-root-dir=/usr/lib/jvm/java-1.5.0-gcj-4.8-amd64 --with-jvm-jar-dir=/usr/lib/jvm-exports/java-1.5.0-gcj-4.8-amd64 --with-arch-directory=amd64 --with-ecj-jar=/usr/share/java/eclipse-ecj.jar --enable-objc-gc --enable-multiarch --disable-werror --with-arch-32=i686 --with-abi=m64 --with-multilib-list=m32,m64,mx32 --with-tune=generic --enable-checking=release --build=x86_64-linux-gnu --host=x86_64-linux-gnu --target=x86_64-linux-gnu
Thread model: posix
gcc version 4.8.4 (Ubuntu 4.8.4-2ubuntu1~14.04.3) 
COMPILER_PATH=/usr/lib/gcc/x86_64-linux-gnu/4.8/:/usr/lib/gcc/x86_64-linux-gnu/4.8/:/usr/lib/gcc/x86_64-linux-gnu/:/usr/lib/gcc/x86_64-linux-gnu/4.8/:/usr/lib/gcc/x86_64-linux-gnu/
LIBRARY_PATH=/usr/lib/gcc/x86_64-linux-gnu/4.8/:/usr/lib/gcc/x86_64-linux-gnu/4.8/../../../x86_64-linux-gnu/:/usr/lib/gcc/x86_64-linux-gnu/4.8/../../../../lib/:/lib/x86_64-linux-gnu/:/lib/../lib/:/usr/lib/x86_64-linux-gnu/:/usr/lib/../lib/:/usr/lib/gcc/x86_64-linux-gnu/4.8/../../../:/lib/:/usr/lib/
COLLECT_GCC_OPTIONS='-v' '-o' 'cmTryCompileExec3745803487' '-rdynamic' '-shared-libgcc' '-mtune=generic' '-march=x86-64'
 /usr/lib/gcc/x86_64-linux-gnu/4.8/collect2 --sysroot=/ --build-id --eh-frame-hdr -m elf_x86_64 --hash-style=gnu --as-needed -export-dynamic -dynamic-linker /lib64/ld-linux-x86-64.so.2 -z relro -o cmTryCompileExec3745803487 /usr/lib/gcc/x86_64-linux-gnu/4.8/../../../x86_64-linux-gnu/crt1.o /usr/lib/gcc/x86_64-linux-gnu/4.8/../../../x86_64-linux-gnu/crti.o /usr/lib/gcc/x86_64-linux-gnu/4.8/crtbegin.o -L/usr/lib/gcc/x86_64-linux-gnu/4.8 -L/usr/lib/gcc/x86_64-linux-gnu/4.8/../../../x86_64-linux-gnu -L/usr/lib/gcc/x86_64-linux-gnu/4.8/../../../../lib -L/lib/x86_64-linux-gnu -L/lib/../lib -L/usr/lib/x86_64-linux-gnu -L/usr/lib/../lib -L/usr/lib/gcc/x86_64-linux-gnu/4.8/../../.. CMakeFiles/cmTryCompileExec3745803487.dir/CMakeCXXCompilerABI.cpp.o -lstdc++ -lm -lgcc_s -lgcc -lc -lgcc_s -lgcc /usr/lib/gcc/x86_64-linux-gnu/4.8/crtend.o /usr/lib/gcc/x86_64-linux-gnu/4.8/../../../x86_64-linux-gnu/crtn.o
make[1]: Leaving directory `/home/brunno/x265_countSAD/build/linux/CMakeFiles/CMakeTmp'


Parsed CXX implicit link information from above output:
  link line regex: [^( *|.*[/\])(ld|([^/\]+-)?ld|collect2)[^/\]*( |$)]
  ignore line: [Change Dir: /home/brunno/x265_countSAD/build/linux/CMakeFiles/CMakeTmp]
  ignore line: []
  ignore line: [Run Build Command:/usr/bin/make "cmTryCompileExec3745803487/fast"]
  ignore line: [/usr/bin/make -f CMakeFiles/cmTryCompileExec3745803487.dir/build.make CMakeFiles/cmTryCompileExec3745803487.dir/build]
  ignore line: [make[1]: Entering directory `/home/brunno/x265_countSAD/build/linux/CMakeFiles/CMakeTmp']
  ignore line: [/usr/local/bin/cmake -E cmake_progress_report /home/brunno/x265_countSAD/build/linux/CMakeFiles/CMakeTmp/CMakeFiles 1]
  ignore line: [Building CXX object CMakeFiles/cmTryCompileExec3745803487.dir/CMakeCXXCompilerABI.cpp.o]
  ignore line: [/usr/bin/c++     -o CMakeFiles/cmTryCompileExec3745803487.dir/CMakeCXXCompilerABI.cpp.o -c /usr/local/share/cmake-2.8/Modules/CMakeCXXCompilerABI.cpp]
  ignore line: [Linking CXX executable cmTryCompileExec3745803487]
  ignore line: [/usr/local/bin/cmake -E cmake_link_script CMakeFiles/cmTryCompileExec3745803487.dir/link.txt --verbose=1]
  ignore line: [/usr/bin/c++      -v CMakeFiles/cmTryCompileExec3745803487.dir/CMakeCXXCompilerABI.cpp.o  -o cmTryCompileExec3745803487 -rdynamic  ]
  ignore line: [Using built-in specs.]
  ignore line: [COLLECT_GCC=/usr/bin/c++]
  ignore line: [COLLECT_LTO_WRAPPER=/usr/lib/gcc/x86_64-linux-gnu/4.8/lto-wrapper]
  ignore line: [Target: x86_64-linux-gnu]
  ignore line: [Configured with: ../src/configure -v --with-pkgversion='Ubuntu 4.8.4-2ubuntu1~14.04.3' --with-bugurl=file:///usr/share/doc/gcc-4.8/README.Bugs --enable-languages=c,c++,java,go,d,fortran,objc,obj-c++ --prefix=/usr --program-suffix=-4.8 --enable-shared --enable-linker-build-id --libexecdir=/usr/lib --without-included-gettext --enable-threads=posix --with-gxx-include-dir=/usr/include/c++/4.8 --libdir=/usr/lib --enable-nls --with-sysroot=/ --enable-clocale=gnu --enable-libstdcxx-debug --enable-libstdcxx-time=yes --enable-gnu-unique-object --disable-libmudflap --enable-plugin --with-system-zlib --disable-browser-plugin --enable-java-awt=gtk --enable-gtk-cairo --with-java-home=/usr/lib/jvm/java-1.5.0-gcj-4.8-amd64/jre --enable-java-home --with-jvm-root-dir=/usr/lib/jvm/java-1.5.0-gcj-4.8-amd64 --with-jvm-jar-dir=/usr/lib/jvm-exports/java-1.5.0-gcj-4.8-amd64 --with-arch-directory=amd64 --with-ecj-jar=/usr/share/java/eclipse-ecj.jar --enable-objc-gc --enable-multiarch --disable-werror --with-arch-32=i686 --with-abi=m64 --with-multilib-list=m32,m64,mx32 --with-tune=generic --enable-checking=release --build=x86_64-linux-gnu --host=x86_64-linux-gnu --target=x86_64-linux-gnu]
  ignore line: [Thread model: posix]
  ignore line: [gcc version 4.8.4 (Ubuntu 4.8.4-2ubuntu1~14.04.3) ]
  ignore line: [COMPILER_PATH=/usr/lib/gcc/x86_64-linux-gnu/4.8/:/usr/lib/gcc/x86_64-linux-gnu/4.8/:/usr/lib/gcc/x86_64-linux-gnu/:/usr/lib/gcc/x86_64-linux-gnu/4.8/:/usr/lib/gcc/x86_64-linux-gnu/]
  ignore line: [LIBRARY_PATH=/usr/lib/gcc/x86_64-linux-gnu/4.8/:/usr/lib/gcc/x86_64-linux-gnu/4.8/../../../x86_64-linux-gnu/:/usr/lib/gcc/x86_64-linux-gnu/4.8/../../../../lib/:/lib/x86_64-linux-gnu/:/lib/../lib/:/usr/lib/x86_64-linux-gnu/:/usr/lib/../lib/:/usr/lib/gcc/x86_64-linux-gnu/4.8/../../../:/lib/:/usr/lib/]
  ignore line: [COLLECT_GCC_OPTIONS='-v' '-o' 'cmTryCompileExec3745803487' '-rdynamic' '-shared-libgcc' '-mtune=generic' '-march=x86-64']
  link line: [ /usr/lib/gcc/x86_64-linux-gnu/4.8/collect2 --sysroot=/ --build-id --eh-frame-hdr -m elf_x86_64 --hash-style=gnu --as-needed -export-dynamic -dynamic-linker /lib64/ld-linux-x86-64.so.2 -z relro -o cmTryCompileExec3745803487 /usr/lib/gcc/x86_64-linux-gnu/4.8/../../../x86_64-linux-gnu/crt1.o /usr/lib/gcc/x86_64-linux-gnu/4.8/../../../x86_64-linux-gnu/crti.o /usr/lib/gcc/x86_64-linux-gnu/4.8/crtbegin.o -L/usr/lib/gcc/x86_64-linux-gnu/4.8 -L/usr/lib/gcc/x86_64-linux-gnu/4.8/../../../x86_64-linux-gnu -L/usr/lib/gcc/x86_64-linux-gnu/4.8/../../../../lib -L/lib/x86_64-linux-gnu -L/lib/../lib -L/usr/lib/x86_64-linux-gnu -L/usr/lib/../lib -L/usr/lib/gcc/x86_64-linux-gnu/4.8/../../.. CMakeFiles/cmTryCompileExec3745803487.dir/CMakeCXXCompilerABI.cpp.o -lstdc++ -lm -lgcc_s -lgcc -lc -lgcc_s -lgcc /usr/lib/gcc/x86_64-linux-gnu/4.8/crtend.o /usr/lib/gcc/x86_64-linux-gnu/4.8/../../../x86_64-linux-gnu/crtn.o]
    arg [/usr/lib/gcc/x86_64-linux-gnu/4.8/collect2] ==> ignore
    arg [--sysroot=/] ==> ignore
    arg [--build-id] ==> ignore
    arg [--eh-frame-hdr] ==> ignore
    arg [-m] ==> ignore
    arg [elf_x86_64] ==> ignore
    arg [--hash-style=gnu] ==> ignore
    arg [--as-needed] ==> ignore
    arg [-export-dynamic] ==> ignore
    arg [-dynamic-linker] ==> ignore
    arg [/lib64/ld-linux-x86-64.so.2] ==> ignore
    arg [-zrelro] ==> ignore
    arg [-o] ==> ignore
    arg [cmTryCompileExec3745803487] ==> ignore
    arg [/usr/lib/gcc/x86_64-linux-gnu/4.8/../../../x86_64-linux-gnu/crt1.o] ==> ignore
    arg [/usr/lib/gcc/x86_64-linux-gnu/4.8/../../../x86_64-linux-gnu/crti.o] ==> ignore
    arg [/usr/lib/gcc/x86_64-linux-gnu/4.8/crtbegin.o] ==> ignore
    arg [-L/usr/lib/gcc/x86_64-linux-gnu/4.8] ==> dir [/usr/lib/gcc/x86_64-linux-gnu/4.8]
    arg [-L/usr/lib/gcc/x86_64-linux-gnu/4.8/../../../x86_64-linux-gnu] ==> dir [/usr/lib/gcc/x86_64-linux-gnu/4.8/../../../x86_64-linux-gnu]
    arg [-L/usr/lib/gcc/x86_64-linux-gnu/4.8/../../../../lib] ==> dir [/usr/lib/gcc/x86_64-linux-gnu/4.8/../../../../lib]
    arg [-L/lib/x86_64-linux-gnu] ==> dir [/lib/x86_64-linux-gnu]
    arg [-L/lib/../lib] ==> dir [/lib/../lib]
    arg [-L/usr/lib/x86_64-linux-gnu] ==> dir [/usr/lib/x86_64-linux-gnu]
    arg [-L/usr/lib/../lib] ==> dir [/usr/lib/../lib]
    arg [-L/usr/lib/gcc/x86_64-linux-gnu/4.8/../../..] ==> dir [/usr/lib/gcc/x86_64-linux-gnu/4.8/../../..]
    arg [CMakeFiles/cmTryCompileExec3745803487.dir/CMakeCXXCompilerABI.cpp.o] ==> ignore
    arg [-lstdc++] ==> lib [stdc++]
    arg [-lm] ==> lib [m]
    arg [-lgcc_s] ==> lib [gcc_s]
    arg [-lgcc] ==> lib [gcc]
    arg [-lc] ==> lib [c]
    arg [-lgcc_s] ==> lib [gcc_s]
    arg [-lgcc] ==> lib [gcc]
    arg [/usr/lib/gcc/x86_64-linux-gnu/4.8/crtend.o] ==> ignore
    arg [/usr/lib/gcc/x86_64-linux-gnu/4.8/../../../x86_64-linux-gnu/crtn.o] ==> ignore
  remove lib [gcc_s]
  remove lib [gcc]
  remove lib [gcc_s]
  remove lib [gcc]
  collapse library dir [/usr/lib/gcc/x86_64-linux-gnu/4.8] ==> [/usr/lib/gcc/x86_64-linux-gnu/4.8]
  collapse library dir [/usr/lib/gcc/x86_64-linux-gnu/4.8/../../../x86_64-linux-gnu] ==> [/usr/lib/x86_64-linux-gnu]
  collapse library dir [/usr/lib/gcc/x86_64-linux-gnu/4.8/../../../../lib] ==> [/usr/lib]
  collapse library dir [/lib/x86_64-linux-gnu] ==> [/lib/x86_64-linux-gnu]
  collapse library dir [/lib/../lib] ==> [/lib]
  collapse library dir [/usr/lib/x86_64-linux-gnu] ==> [/usr/lib/x86_64-linux-gnu]
  collapse library dir [/usr/lib/../lib] ==> [/usr/lib]
  collapse library dir [/usr/lib/gcc/x86_64-linux-gnu/4.8/../../..] ==> [/usr/lib]
  implicit libs: [stdc++;m;c]
  implicit dirs: [/usr/lib/gcc/x86_64-linux-gnu/4.8;/usr/lib/x86_64-linux-gnu;/usr/lib;/lib/x86_64-linux-gnu;/lib]
  implicit fwks: []


Determining if files inttypes.h exist passed with the following output:
Change Dir: /home/brunno/x265_countSAD/build/linux/CMakeFiles/CMakeTmp

Run Build Command:/usr/bin/make "cmTryCompileExec3944544028/fast"
/usr/bin/make -f CMakeFiles/cmTryCompileExec3944544028.dir/build.make CMakeFiles/cmTryCompileExec3944544028.dir/build
make[1]: Entering directory `/home/brunno/x265_countSAD/build/linux/CMakeFiles/CMakeTmp'
/usr/local/bin/cmake -E cmake_progress_report /home/brunno/x265_countSAD/build/linux/CMakeFiles/CMakeTmp/CMakeFiles 1
Building C object CMakeFiles/cmTryCompileExec3944544028.dir/CheckIncludeFiles.c.o
/usr/bin/cc    -o CMakeFiles/cmTryCompileExec3944544028.dir/CheckIncludeFiles.c.o   -c /home/brunno/x265_countSAD/build/linux/CMakeFiles/CMakeTmp/CheckIncludeFiles.c
Linking C executable cmTryCompileExec3944544028
/usr/local/bin/cmake -E cmake_link_script CMakeFiles/cmTryCompileExec3944544028.dir/link.txt --verbose=1
/usr/bin/cc       CMakeFiles/cmTryCompileExec3944544028.dir/CheckIncludeFiles.c.o  -o cmTryCompileExec3944544028 -rdynamic 
make[1]: Leaving directory `/home/brunno/x265_countSAD/build/linux/CMakeFiles/CMakeTmp'


Performing C++ SOURCE FILE Test CC_HAS_NO_STRICT_OVERFLOW succeded with the following output:
Change Dir: /home/brunno/x265_countSAD/build/linux/CMakeFiles/CMakeTmp

Run Build Command:/usr/bin/make "cmTryCompileExec1605733529/fast"
/usr/bin/make -f CMakeFiles/cmTryCompileExec1605733529.dir/build.make CMakeFiles/cmTryCompileExec1605733529.dir/build
make[1]: Entering directory `/home/brunno/x265_countSAD/build/linux/CMakeFiles/CMakeTmp'
/usr/local/bin/cmake -E cmake_progress_report /home/brunno/x265_countSAD/build/linux/CMakeFiles/CMakeTmp/CMakeFiles 1
Building CXX object CMakeFiles/cmTryCompileExec1605733529.dir/src.cxx.o
/usr/bin/c++    -DCC_HAS_NO_STRICT_OVERFLOW   -Wno-strict-overflow -o CMakeFiles/cmTryCompileExec1605733529.dir/src.cxx.o -c /home/brunno/x265_countSAD/build/linux/CMakeFiles/CMakeTmp/src.cxx
Linking CXX executable cmTryCompileExec1605733529
/usr/local/bin/cmake -E cmake_link_script CMakeFiles/cmTryCompileExec1605733529.dir/link.txt --verbose=1
/usr/bin/c++    -DCC_HAS_NO_STRICT_OVERFLOW    CMakeFiles/cmTryCompileExec1605733529.dir/src.cxx.o  -o cmTryCompileExec1605733529 -rdynamic 
make[1]: Leaving directory `/home/brunno/x265_countSAD/build/linux/CMakeFiles/CMakeTmp'

Source file was:
int main() { return 0;}
Performing C++ SOURCE FILE Test CC_HAS_NO_NARROWING succeded with the following output:
Change Dir: /home/brunno/x265_countSAD/build/linux/CMakeFiles/CMakeTmp

Run Build Command:/usr/bin/make "cmTryCompileExec663621159/fast"
/usr/bin/make -f CMakeFiles/cmTryCompileExec663621159.dir/build.make CMakeFiles/cmTryCompileExec663621159.dir/build
make[1]: Entering directory `/home/brunno/x265_countSAD/build/linux/CMakeFiles/CMakeTmp'
/usr/local/bin/cmake -E cmake_progress_report /home/brunno/x265_countSAD/build/linux/CMakeFiles/CMakeTmp/CMakeFiles 1
Building CXX object CMakeFiles/cmTryCompileExec663621159.dir/src.cxx.o
/usr/bin/c++    -DCC_HAS_NO_NARROWING   -Wno-narrowing -o CMakeFiles/cmTryCompileExec663621159.dir/src.cxx.o -c /home/brunno/x265_countSAD/build/linux/CMakeFiles/CMakeTmp/src.cxx
Linking CXX executable cmTryCompileExec663621159
/usr/local/bin/cmake -E cmake_link_script CMakeFiles/cmTryCompileExec663621159.dir/link.txt --verbose=1
/usr/bin/c++    -DCC_HAS_NO_NARROWING    CMakeFiles/cmTryCompileExec663621159.dir/src.cxx.o  -o cmTryCompileExec663621159 -rdynamic 
make[1]: Leaving directory `/home/brunno/x265_countSAD/build/linux/CMakeFiles/CMakeTmp'

Source file was:
int main() { return 0;}
Performing C++ SOURCE FILE Test CC_HAS_NO_ARRAY_BOUNDS succeded with the following output:
Change Dir: /home/brunno/x265_countSAD/build/linux/CMakeFiles/CMakeTmp

Run Build Command:/usr/bin/make "cmTryCompileExec1101293135/fast"
/usr/bin/make -f CMakeFiles/cmTryCompileExec1101293135.dir/build.make CMakeFiles/cmTryCompileExec1101293135.dir/build
make[1]: Entering directory `/home/brunno/x265_countSAD/build/linux/CMakeFiles/CMakeTmp'
/usr/local/bin/cmake -E cmake_progress_report /home/brunno/x265_countSAD/build/linux/CMakeFiles/CMakeTmp/CMakeFiles 1
Building CXX object CMakeFiles/cmTryCompileExec1101293135.dir/src.cxx.o
/usr/bin/c++    -DCC_HAS_NO_ARRAY_BOUNDS   -Wno-array-bounds -o CMakeFiles/cmTryCompileExec1101293135.dir/src.cxx.o -c /home/brunno/x265_countSAD/build/linux/CMakeFiles/CMakeTmp/src.cxx
Linking CXX executable cmTryCompileExec1101293135
/usr/local/bin/cmake -E cmake_link_script CMakeFiles/cmTryCompileExec1101293135.dir/link.txt --verbose=1
/usr/bin/c++    -DCC_HAS_NO_ARRAY_BOUNDS    CMakeFiles/cmTryCompileExec1101293135.dir/src.cxx.o  -o cmTryCompileExec1101293135 -rdynamic 
make[1]: Leaving directory `/home/brunno/x265_countSAD/build/linux/CMakeFiles/CMakeTmp'

Source file was:
int main() { return 0;}
Performing C++ SOURCE FILE Test CC_HAS_FAST_MATH succeded with the following output:
Change Dir: /home/brunno/x265_countSAD/build/linux/CMakeFiles/CMakeTmp

Run Build Command:/usr/bin/make "cmTryCompileExec3901196369/fast"
/usr/bin/make -f CMakeFiles/cmTryCompileExec3901196369.dir/build.make CMakeFiles/cmTryCompileExec3901196369.dir/build
make[1]: Entering directory `/home/brunno/x265_countSAD/build/linux/CMakeFiles/CMakeTmp'
/usr/local/bin/cmake -E cmake_progress_report /home/brunno/x265_countSAD/build/linux/CMakeFiles/CMakeTmp/CMakeFiles 1
Building CXX object CMakeFiles/cmTryCompileExec3901196369.dir/src.cxx.o
/usr/bin/c++    -DCC_HAS_FAST_MATH   -ffast-math -o CMakeFiles/cmTryCompileExec3901196369.dir/src.cxx.o -c /home/brunno/x265_countSAD/build/linux/CMakeFiles/CMakeTmp/src.cxx
Linking CXX executable cmTryCompileExec3901196369
/usr/local/bin/cmake -E cmake_link_script CMakeFiles/cmTryCompileExec3901196369.dir/link.txt --verbose=1
/usr/bin/c++    -DCC_HAS_FAST_MATH    CMakeFiles/cmTryCompileExec3901196369.dir/src.cxx.o  -o cmTryCompileExec3901196369 -rdynamic 
make[1]: Leaving directory `/home/brunno/x265_countSAD/build/linux/CMakeFiles/CMakeTmp'

Source file was:
int main() { return 0;}
Performing C++ SOURCE FILE Test CC_HAS_STACK_REALIGN succeded with the following output:
Change Dir: /home/brunno/x265_countSAD/build/linux/CMakeFiles/CMakeTmp

Run Build Command:/usr/bin/make "cmTryCompileExec4071502451/fast"
/usr/bin/make -f CMakeFiles/cmTryCompileExec4071502451.dir/build.make CMakeFiles/cmTryCompileExec4071502451.dir/build
make[1]: Entering directory `/home/brunno/x265_countSAD/build/linux/CMakeFiles/CMakeTmp'
/usr/local/bin/cmake -E cmake_progress_report /home/brunno/x265_countSAD/build/linux/CMakeFiles/CMakeTmp/CMakeFiles 1
Building CXX object CMakeFiles/cmTryCompileExec4071502451.dir/src.cxx.o
/usr/bin/c++    -DCC_HAS_STACK_REALIGN   -mstackrealign -o CMakeFiles/cmTryCompileExec4071502451.dir/src.cxx.o -c /home/brunno/x265_countSAD/build/linux/CMakeFiles/CMakeTmp/src.cxx
Linking CXX executable cmTryCompileExec4071502451
/usr/local/bin/cmake -E cmake_link_script CMakeFiles/cmTryCompileExec4071502451.dir/link.txt --verbose=1
/usr/bin/c++    -DCC_HAS_STACK_REALIGN    CMakeFiles/cmTryCompileExec4071502451.dir/src.cxx.o  -o cmTryCompileExec4071502451 -rdynamic 
make[1]: Leaving directory `/home/brunno/x265_countSAD/build/linux/CMakeFiles/CMakeTmp'

Source file was:
int main() { return 0;}
Performing C++ SOURCE FILE Test CC_HAS_FNO_EXCEPTIONS_FLAG succeded with the following output:
Change Dir: /home/brunno/x265_countSAD/build/linux/CMakeFiles/CMakeTmp

Run Build Command:/usr/bin/make "cmTryCompileExec347747825/fast"
/usr/bin/make -f CMakeFiles/cmTryCompileExec347747825.dir/build.make CMakeFiles/cmTryCompileExec347747825.dir/build
make[1]: Entering directory `/home/brunno/x265_countSAD/build/linux/CMakeFiles/CMakeTmp'
/usr/local/bin/cmake -E cmake_progress_report /home/brunno/x265_countSAD/build/linux/CMakeFiles/CMakeTmp/CMakeFiles 1
Building CXX object CMakeFiles/cmTryCompileExec347747825.dir/src.cxx.o
/usr/bin/c++    -DCC_HAS_FNO_EXCEPTIONS_FLAG   -fno-exceptions -o CMakeFiles/cmTryCompileExec347747825.dir/src.cxx.o -c /home/brunno/x265_countSAD/build/linux/CMakeFiles/CMakeTmp/src.cxx
Linking CXX executable cmTryCompileExec347747825
/usr/local/bin/cmake -E cmake_link_script CMakeFiles/cmTryCompileExec347747825.dir/link.txt --verbose=1
/usr/bin/c++    -DCC_HAS_FNO_EXCEPTIONS_FLAG    CMakeFiles/cmTryCompileExec347747825.dir/src.cxx.o  -o cmTryCompileExec347747825 -rdynamic 
make[1]: Leaving directory `/home/brunno/x265_countSAD/build/linux/CMakeFiles/CMakeTmp'

Source file was:
int main() { return 0;}
Determining if the strtok_r exist passed with the following output:
Change Dir: /home/brunno/x265_countSAD/build/linux/CMakeFiles/CMakeTmp

Run Build Command:/usr/bin/make "cmTryCompileExec2923682004/fast"
/usr/bin/make -f CMakeFiles/cmTryCompileExec2923682004.dir/build.make CMakeFiles/cmTryCompileExec2923682004.dir/build
make[1]: Entering directory `/home/brunno/x265_countSAD/build/linux/CMakeFiles/CMakeTmp'
/usr/local/bin/cmake -E cmake_progress_report /home/brunno/x265_countSAD/build/linux/CMakeFiles/CMakeTmp/CMakeFiles 1
Building C object CMakeFiles/cmTryCompileExec2923682004.dir/CheckSymbolExists.c.o
/usr/bin/cc    -o CMakeFiles/cmTryCompileExec2923682004.dir/CheckSymbolExists.c.o   -c /home/brunno/x265_countSAD/build/linux/CMakeFiles/CMakeTmp/CheckSymbolExists.c
Linking C executable cmTryCompileExec2923682004
/usr/local/bin/cmake -E cmake_link_script CMakeFiles/cmTryCompileExec2923682004.dir/link.txt --verbose=1
/usr/bin/cc       CMakeFiles/cmTryCompileExec2923682004.dir/CheckSymbolExists.c.o  -o cmTryCompileExec2923682004 -rdynamic 
make[1]: Leaving directory `/home/brunno/x265_countSAD/build/linux/CMakeFiles/CMakeTmp'

File /home/brunno/x265_countSAD/build/linux/CMakeFiles/CMakeTmp/CheckSymbolExists.c:
/* */
#include <string.h>

int main(int argc, char** argv)
{
  (void)argv;
#ifndef strtok_r
  return ((int*)(&strtok_r))[argc];
#else
  (void)argc;
  return 0;
#endif
}

Determining if files getopt.h exist passed with the following output:
Change Dir: /home/brunno/x265_countSAD/build/linux/CMakeFiles/CMakeTmp

Run Build Command:/usr/bin/make "cmTryCompileExec2073755580/fast"
/usr/bin/make -f CMakeFiles/cmTryCompileExec2073755580.dir/build.make CMakeFiles/cmTryCompileExec2073755580.dir/build
make[1]: Entering directory `/home/brunno/x265_countSAD/build/linux/CMakeFiles/CMakeTmp'
/usr/local/bin/cmake -E cmake_progress_report /home/brunno/x265_countSAD/build/linux/CMakeFiles/CMakeTmp/CMakeFiles 1
Building C object CMakeFiles/cmTryCompileExec2073755580.dir/CheckIncludeFiles.c.o
/usr/bin/cc    -o CMakeFiles/cmTryCompileExec2073755580.dir/CheckIncludeFiles.c.o   -c /home/brunno/x265_countSAD/build/linux/CMakeFiles/CMakeTmp/CheckIncludeFiles.c
Linking C executable cmTryCompileExec2073755580
/usr/local/bin/cmake -E cmake_link_script CMakeFiles/cmTryCompileExec2073755580.dir/link.txt --verbose=1
/usr/bin/cc       CMakeFiles/cmTryCompileExec2073755580.dir/CheckIncludeFiles.c.o  -o cmTryCompileExec2073755580 -rdynamic 
make[1]: Leaving directory `/home/brunno/x265_countSAD/build/linux/CMakeFiles/CMakeTmp'


